<?xml version="1.0" encoding="UTF-8"?>
<testsuite name="com.maliksalimov.my_coffee_chat.ChatServiceTest" tests="3" skipped="0" failures="0" errors="0" timestamp="2026-04-03T11:00:40.846Z" hostname="Maliks-MacBook-Air.local" time="0.782">
  <properties/>
  <testcase name="get_all_messages_should_call_repository_find_all_once()" classname="com.maliksalimov.my_coffee_chat.ChatServiceTest" time="0.764"/>
  <testcase name="save_message_should_call_repository_save_once()" classname="com.maliksalimov.my_coffee_chat.ChatServiceTest" time="0.004"/>
  <testcase name="get_messages_by_sender_should_call_repository_with_correct_argument()" classname="com.maliksalimov.my_coffee_chat.ChatServiceTest" time="0.002"/>
  <system-out><![CDATA[]]></system-out>
  <system-err><![CDATA[Mockito is currently self-attaching to enable the inline-mock-maker. This will no longer work in future releases of the JDK. Please add Mockito as an agent to your build what is described in Mockito's documentation: https://javadoc.io/doc/org.mockito/mockito-core/latest/org/mockito/Mockito.html#0.3
WARNING: A Java agent has been loaded dynamically (/Users/maliksalimov/.gradle/caches/modules-2/files-2.1/net.bytebuddy/byte-buddy-agent/1.15.11/a38b16385e867f59a641330f0362ebe742788ed8/byte-buddy-agent-1.15.11.jar)
WARNING: If a serviceability tool is in use, please run with -XX:+EnableDynamicAgentLoading to hide this warning
WARNING: If a serviceability tool is not in use, please run with -Djdk.instrument.traceUsage for more information
WARNING: Dynamic loading of agents will be disallowed by default in a future release
]]></system-err>
</testsuite>
