<?xml version="1.0" encoding="UTF-8"?>
<testsuite name="com.maliksalimov.my_coffee_chat.OrderQueueUnitTest" tests="3" skipped="0" failures="0" errors="0" timestamp="2026-04-03T11:00:43.399Z" hostname="Maliks-MacBook-Air.local" time="0.005">
  <properties/>
  <testcase name="concurrent_add_order_calls_should_be_thread_safe()" classname="com.maliksalimov.my_coffee_chat.OrderQueueUnitTest" time="0.003"/>
  <testcase name="add_order_should_increase_size()" classname="com.maliksalimov.my_coffee_chat.OrderQueueUnitTest" time="0.0"/>
  <testcase name="take_order_should_return_correct_order()" classname="com.maliksalimov.my_coffee_chat.OrderQueueUnitTest" time="0.001"/>
  <system-out><![CDATA[]]></system-out>
  <system-err><![CDATA[]]></system-err>
</testsuite>
